# JRE version: Java(TM) SE Runtime Environment 18.9 (11.0.18+9) (build 11.0.18+9-LTS-195)
# Java VM: Java HotSpot(TM) 64-Bit Server VM 18.9 (11.0.18+9-LTS-195, mixed mode, tiered, compressed oops, g1 gc, windows-amd64)
Heap:
 garbage-first heap   total 47104K, used 22009K [0x0000000704200000, 0x0000000800000000)
  region size 1024K, 12 young (12288K), 2 survivors (2048K)
 Metaspace       used 17068K, capacity 17419K, committed 17536K, reserved 1064960K
  class space    used 1719K, capacity 1892K, committed 1920K, reserved 1048576K
GC Heap History (10 events):
Event: 1.187 GC heap before
{Heap before GC invocations=20 (full 0):
 garbage-first heap   total 23552K, used 12363K [0x0000000704200000, 0x0000000800000000)
  region size 1024K, 5 young (5120K), 1 survivors (1024K)
 Metaspace       used 15368K, capacity 15631K, committed 15872K, reserved 1062912K
  class space    used 1589K, capacity 1712K, committed 1792K, reserved 1048576K
}
Event: 1.190 GC heap after
{Heap after GC invocations=21 (full 0):
 garbage-first heap   total 23552K, used 8963K [0x0000000704200000, 0x0000000800000000)
  region size 1024K, 1 young (1024K), 1 survivors (1024K)
 Metaspace       used 15368K, capacity 15631K, committed 15872K, reserved 1062912K
  class space    used 1589K, capacity 1712K, committed 1792K, reserved 1048576K
}
Event: 1.221 GC heap before
{Heap before GC invocations=21 (full 0):
 garbage-first heap   total 23552K, used 13059K [0x0000000704200000, 0x0000000800000000)
  region size 1024K, 5 young (5120K), 1 survivors (1024K)
 Metaspace       used 15419K, capacity 15713K, committed 15872K, reserved 1062912K
  class space    used 1596K, capacity 1718K, committed 1792K, reserved 1048576K
}
Event: 1.225 GC heap after
{Heap after GC invocations=22 (full 0):
 garbage-first heap   total 23552K, used 9681K [0x0000000704200000, 0x0000000800000000)
  region size 1024K, 1 young (1024K), 1 survivors (1024K)
 Metaspace       used 15419K, capacity 15713K, committed 15872K, reserved 1062912K
  class space    used 1596K, capacity 1718K, committed 1792K, reserved 1048576K
}
Event: 1.298 GC heap before
{Heap before GC invocations=22 (full 0):
 garbage-first heap   total 23552K, used 12753K [0x0000000704200000, 0x0000000800000000)
  region size 1024K, 5 young (5120K), 1 survivors (1024K)
 Metaspace       used 15598K, capacity 15873K, committed 16128K, reserved 1062912K
  class space    used 1606K, capacity 1728K, committed 1792K, reserved 1048576K
}
Event: 1.303 GC heap after
{Heap after GC invocations=23 (full 0):
 garbage-first heap   total 23552K, used 10892K [0x0000000704200000, 0x0000000800000000)
  region size 1024K, 1 young (1024K), 1 survivors (1024K)
 Metaspace       used 15598K, capacity 15873K, committed 16128K, reserved 1062912K
  class space    used 1606K, capacity 1728K, committed 1792K, reserved 1048576K
}
Event: 1.366 GC heap before
{Heap before GC invocations=23 (full 0):
 garbage-first heap   total 23552K, used 14988K [0x0000000704200000, 0x0000000800000000)
  region size 1024K, 5 young (5120K), 1 survivors (1024K)
 Metaspace       used 15914K, capacity 16187K, committed 16384K, reserved 1064960K
  class space    used 1640K, capacity 1768K, committed 1792K, reserved 1048576K
}
Event: 1.372 GC heap after
{Heap after GC invocations=24 (full 0):
 garbage-first heap   total 47104K, used 11737K [0x0000000704200000, 0x0000000800000000)
  region size 1024K, 1 young (1024K), 1 survivors (1024K)
 Metaspace       used 15914K, capacity 16187K, committed 16384K, reserved 1064960K
  class space    used 1640K, capacity 1768K, committed 1792K, reserved 1048576K
}
Event: 1.550 GC heap before
{Heap before GC invocations=24 (full 0):
 garbage-first heap   total 47104K, used 20953K [0x0000000704200000, 0x0000000800000000)
  region size 1024K, 11 young (11264K), 1 survivors (1024K)
 Metaspace       used 16254K, capacity 16535K, committed 16640K, reserved 1064960K
  class space    used 1660K, capacity 1775K, committed 1792K, reserved 1048576K
}
Event: 1.555 GC heap after
{Heap after GC invocations=25 (full 0):
 garbage-first heap   total 47104K, used 12793K [0x0000000704200000, 0x0000000800000000)
  region size 1024K, 2 young (2048K), 2 survivors (2048K)
 Metaspace       used 16254K, capacity 16535K, committed 16640K, reserved 1064960K
  class space    used 1660K, capacity 1775K, committed 1792K, reserved 1048576K
}

