# JRE version: Java(TM) SE Runtime Environment 18.9 (11.0.18+9) (build 11.0.18+9-LTS-195)
# Java VM: Java HotSpot(TM) 64-Bit Server VM 18.9 (11.0.18+9-LTS-195, mixed mode, tiered, compressed oops, g1 gc, windows-amd64)
Heap:
 garbage-first heap   total 258048K, used 26793K [0x0000000704200000, 0x0000000800000000)
  region size 1024K, 16 young (16384K), 2 survivors (2048K)
 Metaspace       used 28960K, capacity 29587K, committed 29824K, reserved 1075200K
  class space    used 3151K, capacity 3434K, committed 3456K, reserved 1048576K
GC Heap History (6 events):
Event: 0.701 GC heap before
{Heap before GC invocations=0 (full 0):
 garbage-first heap   total 258048K, used 14336K [0x0000000704200000, 0x0000000800000000)
  region size 1024K, 14 young (14336K), 0 survivors (0K)
 Metaspace       used 14209K, capacity 14590K, committed 14848K, reserved 1062912K
  class space    used 1537K, capacity 1723K, committed 1792K, reserved 1048576K
}
Event: 0.711 GC heap after
{Heap after GC invocations=1 (full 0):
 garbage-first heap   total 258048K, used 7085K [0x0000000704200000, 0x0000000800000000)
  region size 1024K, 2 young (2048K), 2 survivors (2048K)
 Metaspace       used 14209K, capacity 14590K, committed 14848K, reserved 1062912K
  class space    used 1537K, capacity 1723K, committed 1792K, reserved 1048576K
}
Event: 1.263 GC heap before
{Heap before GC invocations=1 (full 0):
 garbage-first heap   total 258048K, used 18349K [0x0000000704200000, 0x0000000800000000)
  region size 1024K, 12 young (12288K), 2 survivors (2048K)
 Metaspace       used 17579K, capacity 17999K, committed 18304K, reserved 1064960K
  class space    used 1887K, capacity 2092K, committed 2176K, reserved 1048576K
}
Event: 1.269 GC heap after
{Heap after GC invocations=2 (full 0):
 garbage-first heap   total 258048K, used 10546K [0x0000000704200000, 0x0000000800000000)
  region size 1024K, 2 young (2048K), 2 survivors (2048K)
 Metaspace       used 17579K, capacity 17999K, committed 18304K, reserved 1064960K
  class space    used 1887K, capacity 2092K, committed 2176K, reserved 1048576K
}
Event: 1.662 GC heap before
{Heap before GC invocations=2 (full 0):
 garbage-first heap   total 258048K, used 22834K [0x0000000704200000, 0x0000000800000000)
  region size 1024K, 14 young (14336K), 2 survivors (2048K)
 Metaspace       used 20683K, capacity 21152K, committed 21248K, reserved 1069056K
  class space    used 2198K, capacity 2468K, committed 2560K, reserved 1048576K
}
Event: 1.666 GC heap after
{Heap after GC invocations=3 (full 0):
 garbage-first heap   total 258048K, used 13481K [0x0000000704200000, 0x0000000800000000)
  region size 1024K, 2 young (2048K), 2 survivors (2048K)
 Metaspace       used 20683K, capacity 21152K, committed 21248K, reserved 1069056K
  class space    used 2198K, capacity 2468K, committed 2560K, reserved 1048576K
}

