# JRE version: Java(TM) SE Runtime Environment 18.9 (11.0.18+9) (build 11.0.18+9-LTS-195)
# Java VM: Java HotSpot(TM) 64-Bit Server VM 18.9 (11.0.18+9-LTS-195, mixed mode, tiered, compressed oops, g1 gc, windows-amd64)
Heap:
 garbage-first heap   total 258048K, used 55691K [0x0000000704200000, 0x0000000800000000)
  region size 1024K, 46 young (47104K), 6 survivors (6144K)
 Metaspace       used 35093K, capacity 35778K, committed 35920K, reserved 1081344K
  class space    used 3784K, capacity 4083K, committed 4096K, reserved 1048576K
GC Heap History (7 events):
Event: 3.853 GC heap before
{Heap before GC invocations=0 (full 0):
 garbage-first heap   total 258048K, used 14336K [0x0000000704200000, 0x0000000800000000)
  region size 1024K, 14 young (14336K), 0 survivors (0K)
 Metaspace       used 15879K, capacity 16298K, committed 16640K, reserved 1064960K
  class space    used 1724K, capacity 1950K, committed 2048K, reserved 1048576K
}
Event: 3.863 GC heap after
{Heap after GC invocations=1 (full 0):
 garbage-first heap   total 258048K, used 4607K [0x0000000704200000, 0x0000000800000000)
  region size 1024K, 2 young (2048K), 2 survivors (2048K)
 Metaspace       used 15879K, capacity 16298K, committed 16640K, reserved 1064960K
  class space    used 1724K, capacity 1950K, committed 2048K, reserved 1048576K
}
Event: 4.458 GC heap before
{Heap before GC invocations=1 (full 0):
 garbage-first heap   total 258048K, used 16895K [0x0000000704200000, 0x0000000800000000)
  region size 1024K, 12 young (12288K), 2 survivors (2048K)
 Metaspace       used 17704K, capacity 18114K, committed 18304K, reserved 1064960K
  class space    used 1902K, capacity 2132K, committed 2176K, reserved 1048576K
}
Event: 4.464 GC heap after
{Heap after GC invocations=2 (full 0):
 garbage-first heap   total 258048K, used 8902K [0x0000000704200000, 0x0000000800000000)
  region size 1024K, 2 young (2048K), 2 survivors (2048K)
 Metaspace       used 17704K, capacity 18114K, committed 18304K, reserved 1064960K
  class space    used 1902K, capacity 2132K, committed 2176K, reserved 1048576K
}
Event: 12.636 GC heap before
{Heap before GC invocations=2 (full 0):
 garbage-first heap   total 258048K, used 27334K [0x0000000704200000, 0x0000000800000000)
  region size 1024K, 16 young (16384K), 2 survivors (2048K)
 Metaspace       used 20766K, capacity 21220K, committed 21296K, reserved 1069056K
  class space    used 2205K, capacity 2413K, committed 2432K, reserved 1048576K
}
Event: 12.640 GC heap after
{Heap after GC invocations=3 (full 0):
 garbage-first heap   total 258048K, used 15232K [0x0000000704200000, 0x0000000800000000)
  region size 1024K, 3 young (3072K), 3 survivors (3072K)
 Metaspace       used 20766K, capacity 21220K, committed 21296K, reserved 1069056K
  class space    used 2205K, capacity 2413K, committed 2432K, reserved 1048576K
}
Event: 13.866 GC heap before
{Heap before GC invocations=4 (full 0):
 garbage-first heap   total 258048K, used 55168K [0x0000000704200000, 0x0000000800000000)
  region size 1024K, 43 young (44032K), 3 survivors (3072K)
 Metaspace       used 35093K, capacity 35778K, committed 35920K, reserved 1081344K
  class space    used 3784K, capacity 4083K, committed 4096K, reserved 1048576K
}

