# JRE version: Java(TM) SE Runtime Environment 18.9 (11.0.18+9) (build 11.0.18+9-LTS-195)
# Java VM: Java HotSpot(TM) 64-Bit Server VM 18.9 (11.0.18+9-LTS-195, mixed mode, tiered, compressed oops, g1 gc, windows-amd64)
Heap:
 garbage-first heap   total 258048K, used 68916K [0x0000000704200000, 0x0000000800000000)
  region size 1024K, 23 young (23552K), 6 survivors (6144K)
 Metaspace       used 33775K, capacity 34518K, committed 34816K, reserved 1079296K
  class space    used 3642K, capacity 3982K, committed 4096K, reserved 1048576K
GC Heap History (10 events):
Event: 3.399 GC heap before
{Heap before GC invocations=1 (full 0):
 garbage-first heap   total 258048K, used 24683K [0x0000000704200000, 0x0000000800000000)
  region size 1024K, 12 young (12288K), 2 survivors (2048K)
 Metaspace       used 18270K, capacity 18642K, committed 18944K, reserved 1067008K
  class space    used 1989K, capacity 2181K, committed 2304K, reserved 1048576K
}
Event: 3.403 GC heap after
{Heap after GC invocations=2 (full 0):
 garbage-first heap   total 258048K, used 17452K [0x0000000704200000, 0x0000000800000000)
  region size 1024K, 2 young (2048K), 2 survivors (2048K)
 Metaspace       used 18270K, capacity 18642K, committed 18944K, reserved 1067008K
  class space    used 1989K, capacity 2181K, committed 2304K, reserved 1048576K
}
Event: 7.747 GC heap before
{Heap before GC invocations=2 (full 0):
 garbage-first heap   total 258048K, used 23596K [0x0000000704200000, 0x0000000800000000)
  region size 1024K, 10 young (10240K), 2 survivors (2048K)
 Metaspace       used 20584K, capacity 21076K, committed 21248K, reserved 1069056K
  class space    used 2218K, capacity 2440K, committed 2560K, reserved 1048576K
}
Event: 7.751 GC heap after
{Heap after GC invocations=3 (full 0):
 garbage-first heap   total 258048K, used 18281K [0x0000000704200000, 0x0000000800000000)
  region size 1024K, 3 young (3072K), 3 survivors (3072K)
 Metaspace       used 20584K, capacity 21076K, committed 21248K, reserved 1069056K
  class space    used 2218K, capacity 2440K, committed 2560K, reserved 1048576K
}
Event: 13.810 GC heap before
{Heap before GC invocations=4 (full 0):
 garbage-first heap   total 258048K, used 60265K [0x0000000704200000, 0x0000000800000000)
  region size 1024K, 37 young (37888K), 3 survivors (3072K)
 Metaspace       used 30209K, capacity 30977K, committed 31104K, reserved 1077248K
  class space    used 3294K, capacity 3616K, committed 3712K, reserved 1048576K
}
Event: 13.819 GC heap after
{Heap after GC invocations=5 (full 0):
 garbage-first heap   total 258048K, used 32674K [0x0000000704200000, 0x0000000800000000)
  region size 1024K, 5 young (5120K), 5 survivors (5120K)
 Metaspace       used 30209K, capacity 30977K, committed 31104K, reserved 1077248K
  class space    used 3294K, capacity 3616K, committed 3712K, reserved 1048576K
}
Event: 45.079 GC heap before
{Heap before GC invocations=5 (full 0):
 garbage-first heap   total 258048K, used 110498K [0x0000000704200000, 0x0000000800000000)
  region size 1024K, 72 young (73728K), 5 survivors (5120K)
 Metaspace       used 33553K, capacity 34279K, committed 34432K, reserved 1079296K
  class space    used 3626K, capacity 3947K, committed 3968K, reserved 1048576K
}
Event: 45.090 GC heap after
{Heap after GC invocations=6 (full 0):
 garbage-first heap   total 258048K, used 49623K [0x0000000704200000, 0x0000000800000000)
  region size 1024K, 9 young (9216K), 9 survivors (9216K)
 Metaspace       used 33553K, capacity 34279K, committed 34432K, reserved 1079296K
  class space    used 3626K, capacity 3947K, committed 3968K, reserved 1048576K
}
Event: 81.144 GC heap before
{Heap before GC invocations=6 (full 0):
 garbage-first heap   total 258048K, used 127447K [0x0000000704200000, 0x0000000800000000)
  region size 1024K, 85 young (87040K), 9 survivors (9216K)
 Metaspace       used 33612K, capacity 34358K, committed 34432K, reserved 1079296K
  class space    used 3627K, capacity 3950K, committed 3968K, reserved 1048576K
}
Event: 81.152 GC heap after
{Heap after GC invocations=7 (full 0):
 garbage-first heap   total 258048K, used 50484K [0x0000000704200000, 0x0000000800000000)
  region size 1024K, 6 young (6144K), 6 survivors (6144K)
 Metaspace       used 33612K, capacity 34358K, committed 34432K, reserved 1079296K
  class space    used 3627K, capacity 3950K, committed 3968K, reserved 1048576K
}

